<?xml version="1.0" encoding="UTF-8"?>
<testng-results retried="1" ignored="1" total="7" passed="4" failed="1" skipped="0">
  <reporter-output>
  </reporter-output>
  <suite started-at="2024-07-25T18:15:42 GMT+05:30" name="Suite" finished-at="2024-07-25T18:16:04 GMT+05:30" duration-ms="22262">
    <groups>
      <group name="ErrorHandling">
        <method signature="ErrorValidationsTest.LoginErrorValidaiton()[pri:0, instance:rahulshettyacademy.tests.ErrorValidationsTest@22bac7bc]" name="LoginErrorValidaiton" class="rahulshettyacademy.tests.ErrorValidationsTest"/>
      </group> <!-- ErrorHandling -->
      <group name="Purchase">
        <method signature="submitOrderTest.submitorder(java.util.HashMap)[pri:0, instance:rahulshettyacademy.tests.submitOrderTest@31dadd46]" name="submitorder" class="rahulshettyacademy.tests.submitOrderTest"/>
      </group> <!-- Purchase -->
    </groups>
    <test started-at="2024-07-25T18:15:42 GMT+05:30" name="Error Validtions Test" finished-at="2024-07-25T18:16:00 GMT+05:30" duration-ms="18312">
      <class name="rahulshettyacademy.tests.ErrorValidationsTest">
        <test-method is-config="true" signature="launchApplication()[pri:0, instance:rahulshettyacademy.tests.ErrorValidationsTest@22bac7bc]" started-at="2024-07-25T18:15:42 GMT+05:30" name="launchApplication" finished-at="2024-07-25T18:15:49 GMT+05:30" duration-ms="6932" status="PASS">
          <reporter-output>
          </reporter-output>
        </test-method> <!-- launchApplication -->
        <test-method retried="true" signature="LoginErrorValidaiton()[pri:0, instance:rahulshettyacademy.tests.ErrorValidationsTest@22bac7bc]" started-at="2024-07-25T18:15:49 GMT+05:30" name="LoginErrorValidaiton" finished-at="2024-07-25T18:15:50 GMT+05:30" duration-ms="1078" status="SKIP">
          <exception class="java.lang.AssertionError">
            <message>
              <![CDATA[expected [Incorrect email or password.] but found [Incorrect email password.]]]>
            </message>
            <full-stacktrace>
              <![CDATA[java.lang.AssertionError: expected [Incorrect email or password.] but found [Incorrect email password.]
at org.testng.Assert.fail(Assert.java:111)
at org.testng.Assert.failNotEquals(Assert.java:1578)
at org.testng.Assert.assertEqualsImpl(Assert.java:150)
at org.testng.Assert.assertEquals(Assert.java:132)
at org.testng.Assert.assertEquals(Assert.java:656)
at org.testng.Assert.assertEquals(Assert.java:666)
at rahulshettyacademy.tests.ErrorValidationsTest.LoginErrorValidaiton(ErrorValidationsTest.java:39)
at java.base/jdk.internal.reflect.NativeMethodAccessorImpl.invoke0(Native Method)
at java.base/jdk.internal.reflect.NativeMethodAccessorImpl.invoke(NativeMethodAccessorImpl.java:77)
at java.base/jdk.internal.reflect.DelegatingMethodAccessorImpl.invoke(DelegatingMethodAccessorImpl.java:43)
at java.base/java.lang.reflect.Method.invoke(Method.java:568)
at org.testng.internal.invokers.MethodInvocationHelper.invokeMethod(MethodInvocationHelper.java:141)
at org.testng.internal.invokers.TestInvoker.invokeMethod(TestInvoker.java:686)
at org.testng.internal.invokers.TestInvoker.invokeTestMethod(TestInvoker.java:230)
at org.testng.internal.invokers.MethodRunner.runInSequence(MethodRunner.java:63)
at org.testng.internal.invokers.TestInvoker$MethodInvocationAgent.invoke(TestInvoker.java:992)
at org.testng.internal.invokers.TestInvoker.invokeTestMethods(TestInvoker.java:203)
at org.testng.internal.invokers.TestMethodWorker.invokeTestMethods(TestMethodWorker.java:154)
at org.testng.internal.invokers.TestMethodWorker.run(TestMethodWorker.java:134)
at java.base/java.util.ArrayList.forEach(ArrayList.java:1511)
at org.testng.TestRunner.privateRun(TestRunner.java:739)
at org.testng.TestRunner.run(TestRunner.java:614)
at org.testng.SuiteRunner.runTest(SuiteRunner.java:421)
at org.testng.SuiteRunner$SuiteWorker.run(SuiteRunner.java:463)
at org.testng.internal.thread.ThreadUtil.lambda$execute$0(ThreadUtil.java:64)
at java.base/java.util.concurrent.FutureTask.run(FutureTask.java:264)
at java.base/java.util.concurrent.ThreadPoolExecutor.runWorker(ThreadPoolExecutor.java:1136)
at java.base/java.util.concurrent.ThreadPoolExecutor$Worker.run(ThreadPoolExecutor.java:635)
at java.base/java.lang.Thread.run(Thread.java:833)
]]>
            </full-stacktrace>
          </exception> <!-- java.lang.AssertionError -->
          <reporter-output>
          </reporter-output>
        </test-method> <!-- LoginErrorValidaiton -->
        <test-method is-config="true" signature="tearDown()[pri:0, instance:rahulshettyacademy.tests.ErrorValidationsTest@22bac7bc]" started-at="2024-07-25T18:15:50 GMT+05:30" name="tearDown" finished-at="2024-07-25T18:15:50 GMT+05:30" duration-ms="313" status="PASS">
          <reporter-output>
          </reporter-output>
        </test-method> <!-- tearDown -->
        <test-method is-config="true" signature="launchApplication()[pri:0, instance:rahulshettyacademy.tests.ErrorValidationsTest@22bac7bc]" started-at="2024-07-25T18:15:50 GMT+05:30" name="launchApplication" finished-at="2024-07-25T18:15:53 GMT+05:30" duration-ms="2550" status="PASS">
          <reporter-output>
          </reporter-output>
        </test-method> <!-- launchApplication -->
        <test-method signature="LoginErrorValidaiton()[pri:0, instance:rahulshettyacademy.tests.ErrorValidationsTest@22bac7bc]" started-at="2024-07-25T18:15:53 GMT+05:30" name="LoginErrorValidaiton" finished-at="2024-07-25T18:15:53 GMT+05:30" duration-ms="415" status="FAIL">
          <exception class="java.lang.AssertionError">
            <message>
              <![CDATA[expected [Incorrect email or password.] but found [Incorrect email password.]]]>
            </message>
            <full-stacktrace>
              <![CDATA[java.lang.AssertionError: expected [Incorrect email or password.] but found [Incorrect email password.]
at org.testng.Assert.fail(Assert.java:111)
at org.testng.Assert.failNotEquals(Assert.java:1578)
at org.testng.Assert.assertEqualsImpl(Assert.java:150)
at org.testng.Assert.assertEquals(Assert.java:132)
at org.testng.Assert.assertEquals(Assert.java:656)
at org.testng.Assert.assertEquals(Assert.java:666)
at rahulshettyacademy.tests.ErrorValidationsTest.LoginErrorValidaiton(ErrorValidationsTest.java:39)
at java.base/jdk.internal.reflect.NativeMethodAccessorImpl.invoke0(Native Method)
at java.base/jdk.internal.reflect.NativeMethodAccessorImpl.invoke(NativeMethodAccessorImpl.java:77)
at java.base/jdk.internal.reflect.DelegatingMethodAccessorImpl.invoke(DelegatingMethodAccessorImpl.java:43)
at java.base/java.lang.reflect.Method.invoke(Method.java:568)
at org.testng.internal.invokers.MethodInvocationHelper.invokeMethod(MethodInvocationHelper.java:141)
at org.testng.internal.invokers.TestInvoker.invokeMethod(TestInvoker.java:686)
at org.testng.internal.invokers.TestInvoker.retryFailed(TestInvoker.java:269)
at org.testng.internal.invokers.MethodRunner.runInSequence(MethodRunner.java:76)
at org.testng.internal.invokers.TestInvoker$MethodInvocationAgent.invoke(TestInvoker.java:992)
at org.testng.internal.invokers.TestInvoker.invokeTestMethods(TestInvoker.java:203)
at org.testng.internal.invokers.TestMethodWorker.invokeTestMethods(TestMethodWorker.java:154)
at org.testng.internal.invokers.TestMethodWorker.run(TestMethodWorker.java:134)
at java.base/java.util.ArrayList.forEach(ArrayList.java:1511)
at org.testng.TestRunner.privateRun(TestRunner.java:739)
at org.testng.TestRunner.run(TestRunner.java:614)
at org.testng.SuiteRunner.runTest(SuiteRunner.java:421)
at org.testng.SuiteRunner$SuiteWorker.run(SuiteRunner.java:463)
at org.testng.internal.thread.ThreadUtil.lambda$execute$0(ThreadUtil.java:64)
at java.base/java.util.concurrent.FutureTask.run(FutureTask.java:264)
at java.base/java.util.concurrent.ThreadPoolExecutor.runWorker(ThreadPoolExecutor.java:1136)
at java.base/java.util.concurrent.ThreadPoolExecutor$Worker.run(ThreadPoolExecutor.java:635)
at java.base/java.lang.Thread.run(Thread.java:833)
]]>
            </full-stacktrace>
          </exception> <!-- java.lang.AssertionError -->
          <reporter-output>
          </reporter-output>
        </test-method> <!-- LoginErrorValidaiton -->
        <test-method is-config="true" signature="tearDown()[pri:0, instance:rahulshettyacademy.tests.ErrorValidationsTest@22bac7bc]" started-at="2024-07-25T18:15:54 GMT+05:30" name="tearDown" finished-at="2024-07-25T18:15:54 GMT+05:30" duration-ms="347" status="PASS">
          <reporter-output>
          </reporter-output>
        </test-method> <!-- tearDown -->
        <test-method is-config="true" signature="launchApplication()[pri:0, instance:rahulshettyacademy.tests.ErrorValidationsTest@22bac7bc]" started-at="2024-07-25T18:15:54 GMT+05:30" name="launchApplication" finished-at="2024-07-25T18:15:57 GMT+05:30" duration-ms="2804" status="PASS">
          <reporter-output>
          </reporter-output>
        </test-method> <!-- launchApplication -->
        <test-method signature="ProductErrorValidaiton()[pri:0, instance:rahulshettyacademy.tests.ErrorValidationsTest@22bac7bc]" started-at="2024-07-25T18:15:57 GMT+05:30" name="ProductErrorValidaiton" finished-at="2024-07-25T18:16:00 GMT+05:30" duration-ms="3352" status="PASS">
          <reporter-output>
          </reporter-output>
        </test-method> <!-- ProductErrorValidaiton -->
        <test-method is-config="true" signature="tearDown()[pri:0, instance:rahulshettyacademy.tests.ErrorValidationsTest@22bac7bc]" started-at="2024-07-25T18:16:00 GMT+05:30" name="tearDown" finished-at="2024-07-25T18:16:00 GMT+05:30" duration-ms="138" status="PASS">
          <reporter-output>
          </reporter-output>
        </test-method> <!-- tearDown -->
      </class> <!-- rahulshettyacademy.tests.ErrorValidationsTest -->
    </test> <!-- Error Validtions Test -->
    <test started-at="2024-07-25T18:15:42 GMT+05:30" name="Submit Order Test" finished-at="2024-07-25T18:16:04 GMT+05:30" duration-ms="22262">
      <class name="rahulshettyacademy.tests.submitOrderTest">
        <test-method is-config="true" signature="launchApplication()[pri:0, instance:rahulshettyacademy.tests.submitOrderTest@31dadd46]" started-at="2024-07-25T18:15:42 GMT+05:30" name="launchApplication" finished-at="2024-07-25T18:15:49 GMT+05:30" duration-ms="6417" status="PASS">
          <reporter-output>
          </reporter-output>
        </test-method> <!-- launchApplication -->
        <test-method signature="submitorder(java.util.HashMap)[pri:0, instance:rahulshettyacademy.tests.submitOrderTest@31dadd46]" started-at="2024-07-25T18:15:49 GMT+05:30" name="submitorder" data-provider="getData" finished-at="2024-07-25T18:15:53 GMT+05:30" duration-ms="4401" status="PASS">
          <params>
            <param index="0">
              <value>
                <![CDATA[{password=Pass@123, product=ZARA COAT 3, email=dipesh@gmail.com}]]>
              </value>
            </param>
          </params>
          <reporter-output>
          </reporter-output>
        </test-method> <!-- submitorder -->
        <test-method is-config="true" signature="tearDown()[pri:0, instance:rahulshettyacademy.tests.submitOrderTest@31dadd46]" started-at="2024-07-25T18:15:53 GMT+05:30" name="tearDown" finished-at="2024-07-25T18:15:54 GMT+05:30" duration-ms="250" status="PASS">
          <reporter-output>
          </reporter-output>
        </test-method> <!-- tearDown -->
        <test-method is-config="true" signature="launchApplication()[pri:0, instance:rahulshettyacademy.tests.submitOrderTest@31dadd46]" started-at="2024-07-25T18:15:54 GMT+05:30" name="launchApplication" finished-at="2024-07-25T18:15:58 GMT+05:30" duration-ms="3973" status="PASS">
          <reporter-output>
          </reporter-output>
        </test-method> <!-- launchApplication -->
        <test-method signature="submitorder(java.util.HashMap)[pri:0, instance:rahulshettyacademy.tests.submitOrderTest@31dadd46]" started-at="2024-07-25T18:15:58 GMT+05:30" name="submitorder" data-provider="getData" finished-at="2024-07-25T18:16:02 GMT+05:30" duration-ms="3990" status="PASS">
          <params>
            <param index="0">
              <value>
                <![CDATA[{password=Pass@123, product=ADIDAS ORIGINAL, email=dnaina@gmail.com}]]>
              </value>
            </param>
          </params>
          <reporter-output>
          </reporter-output>
        </test-method> <!-- submitorder -->
        <test-method is-config="true" signature="tearDown()[pri:0, instance:rahulshettyacademy.tests.submitOrderTest@31dadd46]" started-at="2024-07-25T18:16:02 GMT+05:30" name="tearDown" finished-at="2024-07-25T18:16:02 GMT+05:30" duration-ms="129" status="PASS">
          <reporter-output>
          </reporter-output>
        </test-method> <!-- tearDown -->
        <test-method is-config="true" signature="launchApplication()[pri:0, instance:rahulshettyacademy.tests.submitOrderTest@31dadd46]" started-at="2024-07-25T18:16:02 GMT+05:30" name="launchApplication" finished-at="2024-07-25T18:16:03 GMT+05:30" duration-ms="1731" status="PASS">
          <reporter-output>
          </reporter-output>
        </test-method> <!-- launchApplication -->
        <test-method signature="OrderHistoryTest()[pri:0, instance:rahulshettyacademy.tests.submitOrderTest@31dadd46]" started-at="2024-07-25T18:16:03 GMT+05:30" name="OrderHistoryTest" finished-at="2024-07-25T18:16:04 GMT+05:30" depends-on-methods="rahulshettyacademy.tests.submitOrderTest.submitorder" duration-ms="595" status="PASS">
          <reporter-output>
          </reporter-output>
        </test-method> <!-- OrderHistoryTest -->
        <test-method is-config="true" signature="tearDown()[pri:0, instance:rahulshettyacademy.tests.submitOrderTest@31dadd46]" started-at="2024-07-25T18:16:04 GMT+05:30" name="tearDown" finished-at="2024-07-25T18:16:04 GMT+05:30" duration-ms="190" status="PASS">
          <reporter-output>
          </reporter-output>
        </test-method> <!-- tearDown -->
      </class> <!-- rahulshettyacademy.tests.submitOrderTest -->
    </test> <!-- Submit Order Test -->
  </suite> <!-- Suite -->
</testng-results>
